-------------------------------------------------------------------------------
Test set: api.CourierCreationTest
-------------------------------------------------------------------------------
Tests run: 7, Failures: 1, Errors: 0, Skipped: 0, Time elapsed: 3.124 s <<< FAILURE! - in api.CourierCreationTest
api.CourierCreationTest  Time elapsed: 0.818 s  <<< FAILURE!
java.lang.AssertionError: 
1 expectation failed.
Expected status code <200> but was <404>.


