-------------------------------------------------------------------------------
Test set: api.CourierLoginTest
-------------------------------------------------------------------------------
Tests run: 8, Failures: 1, Errors: 0, Skipped: 0, Time elapsed: 2.995 s <<< FAILURE! - in api.CourierLoginTest
api.CourierLoginTest  Time elapsed: 0.549 s  <<< FAILURE!
java.lang.AssertionError: 
1 expectation failed.
Expected status code <200> but was <404>.


