<?xml version="1.0" encoding="UTF-8"?>
<testsuite xmlns:xsi="http://www.w3.org/2001/XMLSchema-instance" xsi:noNamespaceSchemaLocation="https://maven.apache.org/surefire/maven-surefire-plugin/xsd/surefire-test-report.xsd" name="api.CourierLoginTest" time="2.995" tests="8" errors="0" skipped="0" failures="1">
  <properties>
[...]
</properties>
  <testcase name="postCourierLoginReturnStatusCode200" classname="api.CourierLoginTest" time="0.206"/>
  <testcase name="postCourierLoginReturnStatusCode400WithoutPasswordField" classname="api.CourierLoginTest" time="0.307"/>
  <testcase name="postCourierLoginReturnStatusCode400WithoutLoginField" classname="api.CourierLoginTest" time="0.41"/>
  <testcase name="postCourierLoginReturnStatusCode404WithNonExistLogin" classname="api.CourierLoginTest" time="0.51"/>
  <testcase name="postCourierLoginReturnStatusCode200WithCorrectBody" classname="api.CourierLoginTest" time="0.215"/>
  <testcase name="postCourierLoginReturnStatusCode404WithNonExistPassword" classname="api.CourierLoginTest" time="0.4"/>
  <testcase name="postCourierLoginReturnStatusCode404WithInvalidPassword" classname="api.CourierLoginTest" time="0.317"/>
  <testcase name="api.CourierLoginTest" classname="api.CourierLoginTest" time="0.549">
    <failure message="1 expectation failed.&#10;Expected status code &lt;200&gt; but was &lt;404&gt;.&#10;" type="java.lang.AssertionError"><![CDATA[java.lang.AssertionError: 
1 expectation failed.
Expected status code <200> but was <404>.

]]></failure>
    <system-out><![CDATA[Request method:	DELETE
Request URI:	http://qa-scooter.praktikum-services.ru/api/v1/courier/177895
Proxy:			<none>
Request params:	<none>
Query params:	<none>
Form params:	<none>
Path params:	<none>
Headers:		Accept=*/*
Cookies:		<none>
Multiparts:		<none>
Body:			<none>
HTTP/1.1 404 Not Found
Access-Control-Allow-Origin: *
Content-Length: 64
Content-Type: application/json; charset=utf-8
Date: Fri, 07 Apr 2023 05:40:11 GMT
ETag: W/"40-tLkp/o3TzLGA5pEmOZ4MEpfo3Lo"
Set-Cookie: _yasc=qd6ML3WiMvjySwfeVMETzexu7JfKHI/KpRhZ/gKXOKApYDGuLzBmVNaHyfE=; domain=.praktikum-services.ru; path=/; expires=Mon, 04-Apr-2033 05:40:11 GMT; secure
X-Powered-By: Express
X-Request-Id: 1680846011482448-4383941545168057642

{
    "code": 404,
    "message": "Курьера с таким id нет."
}
]]></system-out>
  </testcase>
</testsuite>